<?xml version="1.0" encoding="UTF-8"?>
<!-- Generated by org.testng.reporters.JUnitXMLReporter -->
<testsuite ignored="0" hostname="DESKTOP-2PSTLR1" failures="0" tests="4" name="Default test" time="7.602" errors="0" timestamp="2022-05-07T01:39:14 IST">
  <testcase classname="com.reqresapi.testCases.TC005_Delete_User_Record" name="checkResposeBody" time="0.011"/>
  <testcase classname="com.reqresapi.testCases.TC005_Delete_User_Record" name="checkStatusCode" time="0.003"/>
  <testcase classname="com.reqresapi.testCases.TC005_Delete_User_Record" name="checkserverType" time="0.003"/>
  <testcase classname="com.reqresapi.testCases.TC005_Delete_User_Record" name="checkstatusLine" time="0.002"/>
</testsuite> <!-- Default test -->
