<?xml version="1.0" encoding="UTF-8"?>
<testsuite xmlns:xsi="http://www.w3.org/2001/XMLSchema-instance" xsi:noNamespaceSchemaLocation="https://maven.apache.org/surefire/maven-surefire-plugin/xsd/surefire-test-report.xsd" name="TestSuite" time="30.166" tests="29" errors="0" skipped="0" failures="0">
  <properties>
[...]
</properties>
  <testcase name="checkContentType" classname="com.reqresapi.testCases.TC001_Get_All_Users" time="0.065"/>
  <testcase name="checkResponseBody" classname="com.reqresapi.testCases.TC001_Get_All_Users" time="0.029"/>
  <testcase name="checkResponseTime" classname="com.reqresapi.testCases.TC001_Get_All_Users" time="0.002"/>
  <testcase name="checkStatusCode" classname="com.reqresapi.testCases.TC001_Get_All_Users" time="0.002"/>
  <testcase name="checkcontentEncoding" classname="com.reqresapi.testCases.TC001_Get_All_Users" time="0.002"/>
  <testcase name="checkserverType" classname="com.reqresapi.testCases.TC001_Get_All_Users" time="0.005"/>
  <testcase name="checkstatusLine" classname="com.reqresapi.testCases.TC001_Get_All_Users" time="0.003"/>
  <testcase name="checkContentType" classname="com.reqresapi.testCases.TC002_Get_Single_User_Record" time="0.002"/>
  <testcase name="checkResponseBody" classname="com.reqresapi.testCases.TC002_Get_Single_User_Record" time="0.003"/>
  <testcase name="checkResponseTime" classname="com.reqresapi.testCases.TC002_Get_Single_User_Record" time="0.002"/>
  <testcase name="checkStatusCode" classname="com.reqresapi.testCases.TC002_Get_Single_User_Record" time="0.001"/>
  <testcase name="checkserverType" classname="com.reqresapi.testCases.TC002_Get_Single_User_Record" time="0.002"/>
  <testcase name="checkstatusLine" classname="com.reqresapi.testCases.TC002_Get_Single_User_Record" time="0.001"/>
  <testcase name="checkContentLenght" classname="com.reqresapi.testCases.TC003_Post_User_Record" time="0.001"/>
  <testcase name="checkContentType" classname="com.reqresapi.testCases.TC003_Post_User_Record" time="0.006"/>
  <testcase name="checkResponseBody" classname="com.reqresapi.testCases.TC003_Post_User_Record" time="0.004"/>
  <testcase name="checkStatusCode" classname="com.reqresapi.testCases.TC003_Post_User_Record" time="0.003"/>
  <testcase name="checkserverType" classname="com.reqresapi.testCases.TC003_Post_User_Record" time="0.007"/>
  <testcase name="checkstatusLine" classname="com.reqresapi.testCases.TC003_Post_User_Record" time="0.002"/>
  <testcase name="checkContentType" classname="com.reqresapi.testCases.TC004_Put_User_Record" time="0.001"/>
  <testcase name="checkResponseBody" classname="com.reqresapi.testCases.TC004_Put_User_Record" time="0.002"/>
  <testcase name="checkStatusCode" classname="com.reqresapi.testCases.TC004_Put_User_Record" time="0.001"/>
  <testcase name="checkcontentEncoding" classname="com.reqresapi.testCases.TC004_Put_User_Record" time="0.001"/>
  <testcase name="checkserverType" classname="com.reqresapi.testCases.TC004_Put_User_Record" time="0.001"/>
  <testcase name="checkstatusLine" classname="com.reqresapi.testCases.TC004_Put_User_Record" time="0"/>
  <testcase name="checkResponseBody" classname="com.reqresapi.testCases.TC005_Delete_User_Record" time="0.006"/>
  <testcase name="checkStatusCode" classname="com.reqresapi.testCases.TC005_Delete_User_Record" time="0.001"/>
  <testcase name="checkserverType" classname="com.reqresapi.testCases.TC005_Delete_User_Record" time="0.001"/>
  <testcase name="checkstatusLine" classname="com.reqresapi.testCases.TC005_Delete_User_Record" time="0.001"/>
</testsuite>