<?xml version="1.0" encoding="UTF-8"?>
<!-- Generated by org.testng.reporters.JUnitXMLReporter -->
<testsuite ignored="0" hostname="DESKTOP-2PSTLR1" failures="0" tests="29" name="Test" time="24.924" errors="0" timestamp="2022-05-07T01:55:02 IST">
  <testcase classname="com.reqresapi.testCases.TC001_Get_All_Users" name="checkContentType" time="0.016"/>
  <testcase classname="com.reqresapi.testCases.TC001_Get_All_Users" name="checkResponseTime" time="0.01"/>
  <testcase classname="com.reqresapi.testCases.TC001_Get_All_Users" name="checkResposeBody" time="0.05"/>
  <testcase classname="com.reqresapi.testCases.TC001_Get_All_Users" name="checkStatusCode" time="0.004"/>
  <testcase classname="com.reqresapi.testCases.TC001_Get_All_Users" name="checkcontentEncoding" time="0.004"/>
  <testcase classname="com.reqresapi.testCases.TC001_Get_All_Users" name="checkserverType" time="0.004"/>
  <testcase classname="com.reqresapi.testCases.TC001_Get_All_Users" name="checkstatusLine" time="0.004"/>
  <testcase classname="com.reqresapi.testCases.TC002_Get_Single_User_Record" name="checkContentType" time="0.001"/>
  <testcase classname="com.reqresapi.testCases.TC002_Get_Single_User_Record" name="checkResponseTime" time="0.001"/>
  <testcase classname="com.reqresapi.testCases.TC002_Get_Single_User_Record" name="checkResposeBody" time="0.003"/>
  <testcase classname="com.reqresapi.testCases.TC002_Get_Single_User_Record" name="checkStatusCode" time="0.002"/>
  <testcase classname="com.reqresapi.testCases.TC002_Get_Single_User_Record" name="checkserverType" time="0.001"/>
  <testcase classname="com.reqresapi.testCases.TC002_Get_Single_User_Record" name="checkstatusLine" time="0.001"/>
  <testcase classname="com.reqresapi.testCases.TC003_Post_User_Record" name="checkContentLenght" time="0.001"/>
  <testcase classname="com.reqresapi.testCases.TC003_Post_User_Record" name="checkContentType" time="0.002"/>
  <testcase classname="com.reqresapi.testCases.TC003_Post_User_Record" name="checkResposeBody" time="0.001"/>
  <testcase classname="com.reqresapi.testCases.TC003_Post_User_Record" name="checkStatusCode" time="0.001"/>
  <testcase classname="com.reqresapi.testCases.TC003_Post_User_Record" name="checkserverType" time="0.001"/>
  <testcase classname="com.reqresapi.testCases.TC003_Post_User_Record" name="checkstatusLine" time="0.001"/>
  <testcase classname="com.reqresapi.testCases.TC004_Put_User_Record" name="checkContentType" time="0.001"/>
  <testcase classname="com.reqresapi.testCases.TC004_Put_User_Record" name="checkResposeBody" time="0.001"/>
  <testcase classname="com.reqresapi.testCases.TC004_Put_User_Record" name="checkStatusCode" time="0.002"/>
  <testcase classname="com.reqresapi.testCases.TC004_Put_User_Record" name="checkcontentEncoding" time="0.002"/>
  <testcase classname="com.reqresapi.testCases.TC004_Put_User_Record" name="checkserverType" time="0.001"/>
  <testcase classname="com.reqresapi.testCases.TC004_Put_User_Record" name="checkstatusLine" time="0.002"/>
  <testcase classname="com.reqresapi.testCases.TC005_Delete_User_Record" name="checkResposeBody" time="0.002"/>
  <testcase classname="com.reqresapi.testCases.TC005_Delete_User_Record" name="checkStatusCode" time="0.0"/>
  <testcase classname="com.reqresapi.testCases.TC005_Delete_User_Record" name="checkserverType" time="0.001"/>
  <testcase classname="com.reqresapi.testCases.TC005_Delete_User_Record" name="checkstatusLine" time="0.001"/>
</testsuite> <!-- Test -->
